
> ecommerce-app@0.1.0 build
> next build

▲ Next.js 16.2.6 (Turbopack)
- Environments: .env.production.local, .env.local, .env

  Creating an optimized production build ...
✓ Compiled successfully in 2.1s
  Running TypeScript ...
  Finished TypeScript in 1976ms ...
  Collecting page data using 7 workers ...
Error [PrismaClientInitializationError]: `PrismaClient` needs to be constructed with a non-empty, valid `PrismaClientOptions`:

```
new PrismaClient({
  ...
})
```

or

```
constructor() {
  super({ ... });
}
```
          
    at module evaluation (.next/server/chunks/[root-of-the-server]__09.jyy-._.js:1:1236)
    at instantiateModule (.next/server/chunks/[turbopack]_runtime.js:853:9)
    at getOrInstantiateModuleFromParent (.next/server/chunks/[turbopack]_runtime.js:877:12)
    at Context.esmImport [as i] (.next/server/chunks/[turbopack]_runtime.js:281:20)
    at module evaluation (.next/server/chunks/[root-of-the-server]__0uxa111._.js:34:47751)
    at instantiateModule (.next/server/chunks/[turbopack]_runtime.js:853:9)
    at getOrInstantiateModuleFromParent (.next/server/chunks/[turbopack]_runtime.js:877:12)
    at Context.esmImport [as i] (.next/server/chunks/[turbopack]_runtime.js:281:20)
    at module evaluation (.next/server/chunks/[root-of-the-server]__09.jyy-._.js:1:1558) {
  clientVersion: '7.8.0',
  errorCode: undefined,
  retryable: undefined
}

> Build error occurred
Error: Failed to collect page data for /api/products/[slug]
    at ignore-listed frames {
  type: 'Error'
}
